0 info it worked if it ends with ok
1 verbose cli [ '/usr/local/bin/node',
1 verbose cli   '/usr/local/bin/npm',
1 verbose cli   'install',
1 verbose cli   './_baseRest' ]
2 info using npm@3.8.9
3 info using node@v6.2.0
4 silly loadCurrentTree Starting
5 silly install loadCurrentTree
6 silly install readLocalPackageData
7 silly fetchPackageMetaData ./_baseRest
8 silly fetchOtherPackageData ./_baseRest
9 silly cache add args [ './_baseRest', null ]
10 verbose cache add spec ./_baseRest
11 silly cache add parsed spec Result {
11 silly cache add   raw: './_baseRest',
11 silly cache add   scope: null,
11 silly cache add   name: null,
11 silly cache add   rawSpec: './_baseRest',
11 silly cache add   spec: '/Users/adam/Desktop/TheIronYard/FinalProject/_baseRest',
11 silly cache add   type: 'local' }
12 error addLocal Could not install /Users/adam/Desktop/TheIronYard/FinalProject/_baseRest
13 silly fetchPackageMetaData Error: ENOENT: no such file or directory, open '/Users/adam/Desktop/TheIronYard/FinalProject/_baseRest'
13 silly fetchPackageMetaData     at Error (native)
13 silly fetchPackageMetaData  error for ./_baseRest { Error: ENOENT: no such file or directory, open '/Users/adam/Desktop/TheIronYard/FinalProject/_baseRest'
13 silly fetchPackageMetaData     at Error (native)
13 silly fetchPackageMetaData   errno: -2,
13 silly fetchPackageMetaData   code: 'ENOENT',
13 silly fetchPackageMetaData   syscall: 'open',
13 silly fetchPackageMetaData   path: '/Users/adam/Desktop/TheIronYard/FinalProject/_baseRest' }
14 silly rollbackFailedOptional Starting
15 silly rollbackFailedOptional Finishing
16 silly runTopLevelLifecycles Starting
17 silly runTopLevelLifecycles Finishing
18 silly install printInstalled
19 verbose stack Error: ENOENT: no such file or directory, open '/Users/adam/Desktop/TheIronYard/FinalProject/_baseRest'
19 verbose stack     at Error (native)
20 verbose cwd /Users/adam/Desktop/TheIronYard/FinalProject
21 error Darwin 15.5.0
22 error argv "/usr/local/bin/node" "/usr/local/bin/npm" "install" "./_baseRest"
23 error node v6.2.0
24 error npm  v3.8.9
25 error path /Users/adam/Desktop/TheIronYard/FinalProject/_baseRest
26 error code ENOENT
27 error errno -2
28 error syscall open
29 error enoent ENOENT: no such file or directory, open '/Users/adam/Desktop/TheIronYard/FinalProject/_baseRest'
30 error enoent ENOENT: no such file or directory, open '/Users/adam/Desktop/TheIronYard/FinalProject/_baseRest'
30 error enoent This is most likely not a problem with npm itself
30 error enoent and is related to npm not being able to find a file.
31 verbose exit [ -2, true ]
